nohup: ignoring input
Running from: /home/dmin/Book-My-Show/jenkins.war
webroot: /home/dmin/.jenkins/war
2026-01-27 15:24:31.488+0000 [id=1]	INFO	winstone.Logger#logInternal: Beginning extraction from war file
2026-01-27 15:24:31.617+0000 [id=1]	WARNING	o.e.j.ee9.nested.ContextHandler#setContextPath: Empty contextPath
2026-01-27 15:24:31.777+0000 [id=1]	INFO	org.eclipse.jetty.server.Server#doStart: jetty-12.1.5; built: 2025-12-03T22:18:24.732Z; git: 4905d09d7b6801e792d7b73946cf7b66e4be25d6; jvm 17.0.17+10-Ubuntu-124.04
2026-01-27 15:24:32.922+0000 [id=1]	INFO	o.e.j.e.w.StandardDescriptorProcessor#visitServlet: NO JSP Support for /, did not find org.eclipse.jetty.ee9.jsp.JettyJspServlet
2026-01-27 15:24:33.046+0000 [id=1]	INFO	o.e.j.s.DefaultSessionIdManager#doStart: Session workerName=node0
2026-01-27 15:24:33.950+0000 [id=1]	INFO	hudson.WebAppMain#contextInitialized: Jenkins home directory: /home/dmin/.jenkins found at: $user.home/.jenkins
2026-01-27 15:24:34.409+0000 [id=1]	INFO	o.e.j.s.handler.ContextHandler#doStart: Started oeje9n.ContextHandler$CoreContextHandler@3676ac27{Jenkins v2.541.1,/,b=file:///home/dmin/.jenkins/war/,a=AVAILABLE,h=oeje9n.ContextHandler$CoreContextHandler$CoreToNestedHandler@62f87c44{STARTED}}
2026-01-27 15:24:34.449+0000 [id=1]	INFO	o.e.j.server.AbstractConnector#doStart: Started oejs.ServerConnector@57f791c6{HTTP/1.1, (http/1.1)}{0.0.0.0:8081}
2026-01-27 15:24:34.452+0000 [id=1]	INFO	org.eclipse.jetty.server.Server#doStart: Started oejs.Server@51650883{STARTING}[12.1.5,sto=0] @2681ms
2026-01-27 15:24:34.456+0000 [id=26]	INFO	winstone.Logger#logInternal: Winstone Servlet Engine running: controlPort=disabled
2026-01-27 15:24:34.786+0000 [id=25]	INFO	jenkins.model.Jenkins#<init>: Starting version 2.541.1
2026-01-27 15:24:35.014+0000 [id=34]	INFO	jenkins.InitReactorRunner$1#onAttained: Started initialization
2026-01-27 15:24:35.039+0000 [id=54]	INFO	jenkins.InitReactorRunner$1#onAttained: Listed all plugins
2026-01-27 15:24:37.155+0000 [id=54]	INFO	jenkins.InitReactorRunner$1#onAttained: Prepared all plugins
2026-01-27 15:24:37.170+0000 [id=37]	INFO	jenkins.InitReactorRunner$1#onAttained: Started all plugins
2026-01-27 15:24:37.173+0000 [id=53]	INFO	jenkins.InitReactorRunner$1#onAttained: Augmented all extensions
2026-01-27 15:24:37.558+0000 [id=45]	INFO	jenkins.InitReactorRunner$1#onAttained: System config loaded
2026-01-27 15:24:37.560+0000 [id=44]	INFO	jenkins.InitReactorRunner$1#onAttained: System config adapted
2026-01-27 15:24:37.562+0000 [id=55]	INFO	jenkins.InitReactorRunner$1#onAttained: Loaded all jobs
2026-01-27 15:24:37.565+0000 [id=55]	INFO	jenkins.InitReactorRunner$1#onAttained: Configuration for all jobs updated
2026-01-27 15:24:37.623+0000 [id=69]	INFO	hudson.util.Retrier#start: Attempt #1 to do the action check updates server
2026-01-27 15:24:38.269+0000 [id=36]	INFO	jenkins.install.SetupWizard#init: 
[LF]> 
[LF]> *************************************************************
[LF]> *************************************************************
[LF]> *************************************************************
[LF]> 
[LF]> Jenkins initial setup is required. An admin user has been created and a password generated.
[LF]> Please use the following password to proceed to installation:
[LF]> 
[LF]> 9ce26701ec4d4e0f954e6c6e40c931fb
[LF]> 
[LF]> This may also be found at: /home/dmin/.jenkins/secrets/initialAdminPassword
[LF]> 
[LF]> *************************************************************
[LF]> *************************************************************
[LF]> *************************************************************

2026-01-27 15:24:49.992+0000 [id=52]	INFO	jenkins.InitReactorRunner$1#onAttained: Completed initialization
2026-01-27 15:24:50.039+0000 [id=25]	INFO	hudson.lifecycle.Lifecycle#onReady: Jenkins is fully up and running
2026-01-27 15:24:52.066+0000 [id=69]	INFO	h.m.DownloadService$Downloadable#load: Obtained the updated data file for hudson.tasks.Maven.MavenInstaller
2026-01-27 15:24:52.068+0000 [id=69]	INFO	hudson.util.Retrier#start: Performed the action check updates server successfully at the attempt #1
2026-01-27 15:31:47.760+0000 [id=19]	INFO	hudson.PluginManager#install: Starting installation of a batch of 19 plugins plus their dependencies
2026-01-27 15:31:47.769+0000 [id=19]	INFO	hudson.model.UpdateSite$Plugin#deploy: Adding dependent install of ionicons-api for plugin cloudbees-folder
2026-01-27 15:31:47.773+0000 [id=19]	INFO	hudson.model.UpdateSite$Plugin#deploy: Adding dependent install of commons-lang3-api for plugin ionicons-api
2026-01-27 15:31:47.778+0000 [id=104]	INFO	h.model.UpdateCenter$DownloadJob#run: Starting the installation of commons-lang3-api on behalf of admin
2026-01-27 15:31:47.780+0000 [id=19]	INFO	hudson.model.UpdateSite$Plugin#deploy: Adding dependent install of json-path-api for plugin build-timeout
2026-01-27 15:31:47.781+0000 [id=19]	INFO	hudson.model.UpdateSite$Plugin#deploy: Adding dependent install of asm-api for plugin json-path-api
2026-01-27 15:31:47.782+0000 [id=19]	INFO	hudson.model.UpdateSite$Plugin#deploy: Adding dependent install of token-macro for plugin build-timeout
2026-01-27 15:31:47.788+0000 [id=19]	INFO	hudson.model.UpdateSite$Plugin#deploy: Adding dependent install of workflow-step-api for plugin token-macro
2026-01-27 15:31:47.792+0000 [id=19]	INFO	hudson.model.UpdateSite$Plugin#deploy: Adding dependent install of structs for plugin workflow-step-api
2026-01-27 15:31:47.794+0000 [id=19]	INFO	hudson.model.UpdateSite$Plugin#deploy: Adding dependent install of commons-text-api for plugin token-macro
2026-01-27 15:31:47.798+0000 [id=19]	INFO	hudson.model.UpdateSite$Plugin#deploy: Adding dependent install of plain-credentials for plugin credentials-binding
2026-01-27 15:31:47.799+0000 [id=19]	INFO	hudson.model.UpdateSite$Plugin#deploy: Adding dependent install of credentials for plugin plain-credentials
2026-01-27 15:31:47.800+0000 [id=19]	INFO	hudson.model.UpdateSite$Plugin#deploy: Adding dependent install of bouncycastle-api for plugin credentials
2026-01-27 15:31:47.800+0000 [id=19]	INFO	hudson.model.UpdateSite$Plugin#deploy: Adding dependent install of ssh-credentials for plugin credentials-binding
2026-01-27 15:31:47.801+0000 [id=19]	INFO	hudson.model.UpdateSite$Plugin#deploy: Adding dependent install of variant for plugin ssh-credentials
2026-01-27 15:31:47.802+0000 [id=19]	INFO	hudson.model.UpdateSite$Plugin#deploy: Adding dependent install of workflow-api for plugin timestamper
2026-01-27 15:31:47.803+0000 [id=19]	INFO	hudson.model.UpdateSite$Plugin#deploy: Adding dependent install of scm-api for plugin workflow-api
2026-01-27 15:31:47.804+0000 [id=19]	INFO	hudson.model.UpdateSite$Plugin#deploy: Adding dependent install of matrix-project for plugin ws-cleanup
2026-01-27 15:31:47.805+0000 [id=19]	INFO	hudson.model.UpdateSite$Plugin#deploy: Adding dependent install of script-security for plugin matrix-project
2026-01-27 15:31:47.805+0000 [id=19]	INFO	hudson.model.UpdateSite$Plugin#deploy: Adding dependent install of caffeine-api for plugin script-security
2026-01-27 15:31:47.808+0000 [id=19]	INFO	hudson.model.UpdateSite$Plugin#deploy: Adding dependent install of junit for plugin matrix-project
2026-01-27 15:31:47.809+0000 [id=104]	INFO	h.m.UpdateCenter$UpdateCenterConfiguration#download: Downloading commons-lang3-api
2026-01-27 15:31:47.810+0000 [id=19]	INFO	hudson.model.UpdateSite$Plugin#deploy: Adding dependent install of jackson2-api for plugin junit
2026-01-27 15:31:47.812+0000 [id=19]	INFO	hudson.model.UpdateSite$Plugin#deploy: Adding dependent install of jaxb for plugin jackson2-api
2026-01-27 15:31:47.812+0000 [id=19]	INFO	hudson.model.UpdateSite$Plugin#deploy: Adding dependent install of javax-activation-api for plugin jaxb
2026-01-27 15:31:47.813+0000 [id=19]	INFO	hudson.model.UpdateSite$Plugin#deploy: Adding dependent install of snakeyaml-api for plugin jackson2-api
2026-01-27 15:31:47.813+0000 [id=19]	INFO	hudson.model.UpdateSite$Plugin#deploy: Adding dependent install of jakarta-xml-bind-api for plugin jackson2-api
2026-01-27 15:31:47.814+0000 [id=19]	INFO	hudson.model.UpdateSite$Plugin#deploy: Adding dependent install of jakarta-activation-api for plugin jakarta-xml-bind-api
2026-01-27 15:31:47.818+0000 [id=19]	INFO	hudson.model.UpdateSite$Plugin#deploy: Adding dependent install of json-api for plugin jackson2-api
2026-01-27 15:31:47.818+0000 [id=19]	INFO	hudson.model.UpdateSite$Plugin#deploy: Adding dependent install of bootstrap5-api for plugin junit
2026-01-27 15:31:47.819+0000 [id=19]	INFO	hudson.model.UpdateSite$Plugin#deploy: Adding dependent install of font-awesome-api for plugin bootstrap5-api
2026-01-27 15:31:47.820+0000 [id=19]	INFO	hudson.model.UpdateSite$Plugin#deploy: Adding dependent install of plugin-util-api for plugin font-awesome-api
2026-01-27 15:31:47.821+0000 [id=19]	INFO	hudson.model.UpdateSite$Plugin#deploy: Adding dependent install of workflow-support for plugin plugin-util-api
2026-01-27 15:31:47.825+0000 [id=19]	INFO	hudson.model.UpdateSite$Plugin#deploy: Adding dependent install of echarts-api for plugin junit
2026-01-27 15:31:47.828+0000 [id=19]	INFO	hudson.model.UpdateSite$Plugin#deploy: Adding dependent install of jquery3-api for plugin echarts-api
2026-01-27 15:31:47.831+0000 [id=19]	INFO	hudson.model.UpdateSite$Plugin#deploy: Adding dependent install of prism-api for plugin junit
2026-01-27 15:31:47.831+0000 [id=19]	INFO	hudson.model.UpdateSite$Plugin#deploy: Adding dependent install of display-url-api for plugin junit
2026-01-27 15:31:47.832+0000 [id=19]	INFO	hudson.model.UpdateSite$Plugin#deploy: Adding dependent install of checks-api for plugin junit
2026-01-27 15:31:47.832+0000 [id=19]	INFO	hudson.model.UpdateSite$Plugin#deploy: Adding dependent install of resource-disposer for plugin ws-cleanup
2026-01-27 15:31:47.833+0000 [id=19]	INFO	hudson.model.UpdateSite$Plugin#deploy: Adding dependent install of okhttp-api for plugin gradle
2026-01-27 15:31:47.833+0000 [id=19]	INFO	hudson.model.UpdateSite$Plugin#deploy: Adding dependent install of apache-httpcomponents-client-4-api for plugin gradle
2026-01-27 15:31:47.834+0000 [id=19]	INFO	hudson.model.UpdateSite$Plugin#deploy: Adding dependent install of workflow-job for plugin gradle
2026-01-27 15:31:47.834+0000 [id=19]	INFO	hudson.model.UpdateSite$Plugin#deploy: Adding dependent install of pipeline-milestone-step for plugin workflow-aggregator
2026-01-27 15:31:47.835+0000 [id=19]	INFO	hudson.model.UpdateSite$Plugin#deploy: Adding dependent install of workflow-durable-task-step for plugin workflow-aggregator
2026-01-27 15:31:47.835+0000 [id=19]	INFO	hudson.model.UpdateSite$Plugin#deploy: Adding dependent install of durable-task for plugin workflow-durable-task-step
2026-01-27 15:31:47.836+0000 [id=19]	INFO	hudson.model.UpdateSite$Plugin#deploy: Adding dependent install of pipeline-build-step for plugin workflow-aggregator
2026-01-27 15:31:47.837+0000 [id=19]	INFO	hudson.model.UpdateSite$Plugin#deploy: Adding dependent install of pipeline-groovy-lib for plugin workflow-aggregator
2026-01-27 15:31:47.839+0000 [id=19]	INFO	hudson.model.UpdateSite$Plugin#deploy: Adding dependent install of workflow-scm-step for plugin pipeline-groovy-lib
2026-01-27 15:31:47.842+0000 [id=19]	INFO	hudson.model.UpdateSite$Plugin#deploy: Adding dependent install of workflow-cps for plugin pipeline-groovy-lib
2026-01-27 15:31:47.847+0000 [id=19]	INFO	hudson.model.UpdateSite$Plugin#deploy: Adding dependent install of pipeline-model-definition for plugin workflow-aggregator
2026-01-27 15:31:47.848+0000 [id=19]	INFO	hudson.model.UpdateSite$Plugin#deploy: Adding dependent install of pipeline-model-extensions for plugin pipeline-model-definition
2026-01-27 15:31:47.848+0000 [id=19]	INFO	hudson.model.UpdateSite$Plugin#deploy: Adding dependent install of pipeline-model-api for plugin pipeline-model-extensions
2026-01-27 15:31:47.849+0000 [id=19]	INFO	hudson.model.UpdateSite$Plugin#deploy: Adding dependent install of joda-time-api for plugin pipeline-model-api
2026-01-27 15:31:47.849+0000 [id=19]	INFO	hudson.model.UpdateSite$Plugin#deploy: Adding dependent install of pipeline-stage-step for plugin pipeline-model-extensions
2026-01-27 15:31:47.850+0000 [id=19]	INFO	hudson.model.UpdateSite$Plugin#deploy: Adding dependent install of mailer for plugin pipeline-model-definition
2026-01-27 15:31:47.850+0000 [id=19]	INFO	hudson.model.UpdateSite$Plugin#deploy: Adding dependent install of jakarta-mail-api for plugin mailer
2026-01-27 15:31:47.850+0000 [id=19]	INFO	hudson.model.UpdateSite$Plugin#deploy: Adding dependent install of instance-identity for plugin mailer
2026-01-27 15:31:47.851+0000 [id=19]	INFO	hudson.model.UpdateSite$Plugin#deploy: Adding dependent install of workflow-multibranch for plugin pipeline-model-definition
2026-01-27 15:31:47.851+0000 [id=19]	INFO	hudson.model.UpdateSite$Plugin#deploy: Adding dependent install of branch-api for plugin workflow-multibranch
2026-01-27 15:31:47.851+0000 [id=19]	INFO	hudson.model.UpdateSite$Plugin#deploy: Adding dependent install of pipeline-stage-tags-metadata for plugin pipeline-model-definition
2026-01-27 15:31:47.851+0000 [id=19]	INFO	hudson.model.UpdateSite$Plugin#deploy: Adding dependent install of pipeline-input-step for plugin pipeline-model-definition
2026-01-27 15:31:47.852+0000 [id=19]	INFO	hudson.model.UpdateSite$Plugin#deploy: Adding dependent install of workflow-basic-steps for plugin pipeline-model-definition
2026-01-27 15:31:47.853+0000 [id=19]	INFO	hudson.model.UpdateSite$Plugin#deploy: Adding dependent install of jjwt-api for plugin github-branch-source
2026-01-27 15:31:47.853+0000 [id=19]	INFO	hudson.model.UpdateSite$Plugin#deploy: Adding dependent install of github-api for plugin github-branch-source
2026-01-27 15:31:47.854+0000 [id=19]	INFO	hudson.model.UpdateSite$Plugin#deploy: Adding dependent install of github for plugin github-branch-source
2026-01-27 15:31:47.855+0000 [id=19]	INFO	hudson.model.UpdateSite$Plugin#deploy: Adding dependent install of git for plugin github
2026-01-27 15:31:47.856+0000 [id=19]	INFO	hudson.model.UpdateSite$Plugin#deploy: Adding dependent install of git-client for plugin git
2026-01-27 15:31:47.857+0000 [id=19]	INFO	hudson.model.UpdateSite$Plugin#deploy: Adding dependent install of mina-sshd-api-core for plugin git-client
2026-01-27 15:31:47.858+0000 [id=19]	INFO	hudson.model.UpdateSite$Plugin#deploy: Adding dependent install of mina-sshd-api-common for plugin mina-sshd-api-core
2026-01-27 15:31:47.859+0000 [id=19]	INFO	hudson.model.UpdateSite$Plugin#deploy: Adding dependent install of gson-api for plugin git-client
2026-01-27 15:31:47.859+0000 [id=19]	INFO	hudson.model.UpdateSite$Plugin#deploy: Adding dependent install of metrics for plugin pipeline-graph-view
2026-01-27 15:31:47.866+0000 [id=19]	INFO	hudson.model.UpdateSite$Plugin#deploy: Adding dependent install of trilead-api for plugin ssh-slaves
2026-01-27 15:31:47.866+0000 [id=19]	INFO	hudson.model.UpdateSite$Plugin#deploy: Adding dependent install of eddsa-api for plugin trilead-api
2026-01-27 15:31:47.867+0000 [id=19]	INFO	hudson.model.UpdateSite$Plugin#deploy: Adding dependent install of jsoup for plugin email-ext
2026-01-27 15:31:47.868+0000 [id=19]	INFO	hudson.model.UpdateSite$Plugin#deploy: Adding dependent install of theme-manager for plugin dark-theme
2026-01-27 15:31:51.327+0000 [id=104]	INFO	h.model.UpdateCenter$DownloadJob#run: Installation successful: commons-lang3-api
2026-01-27 15:31:51.327+0000 [id=104]	INFO	h.model.UpdateCenter$DownloadJob#run: Starting the installation of ionicons-api on behalf of admin
2026-01-27 15:31:51.356+0000 [id=104]	INFO	h.model.UpdateCenter$DownloadJob#run: Installation successful: ionicons-api
2026-01-27 15:31:51.357+0000 [id=104]	INFO	h.model.UpdateCenter$DownloadJob#run: Starting the installation of cloudbees-folder on behalf of admin
2026-01-27 15:31:51.357+0000 [id=104]	INFO	h.m.UpdateCenter$UpdateCenterConfiguration#download: Downloading cloudbees-folder
2026-01-27 15:31:54.466+0000 [id=104]	INFO	h.model.UpdateCenter$DownloadJob#run: Installation successful: cloudbees-folder
2026-01-27 15:31:54.466+0000 [id=104]	INFO	h.model.UpdateCenter$DownloadJob#run: Starting the installation of antisamy-markup-formatter on behalf of admin
2026-01-27 15:31:54.492+0000 [id=104]	INFO	h.model.UpdateCenter$DownloadJob#run: Installation successful: antisamy-markup-formatter
2026-01-27 15:31:54.493+0000 [id=104]	INFO	h.model.UpdateCenter$DownloadJob#run: Starting the installation of asm-api on behalf of admin
2026-01-27 15:31:54.496+0000 [id=104]	INFO	h.m.UpdateCenter$UpdateCenterConfiguration#download: Downloading asm-api
2026-01-27 15:31:57.503+0000 [id=104]	INFO	h.model.UpdateCenter$DownloadJob#run: Installation successful: asm-api
2026-01-27 15:31:57.503+0000 [id=104]	INFO	h.model.UpdateCenter$DownloadJob#run: Starting the installation of json-path-api on behalf of admin
2026-01-27 15:31:57.504+0000 [id=104]	INFO	h.m.UpdateCenter$UpdateCenterConfiguration#download: Downloading json-path-api
2026-01-27 15:31:59.341+0000 [id=104]	INFO	h.model.UpdateCenter$DownloadJob#run: Installation successful: json-path-api
2026-01-27 15:31:59.342+0000 [id=104]	INFO	h.model.UpdateCenter$DownloadJob#run: Starting the installation of structs on behalf of admin
2026-01-27 15:31:59.369+0000 [id=104]	INFO	h.model.UpdateCenter$DownloadJob#run: Installation successful: structs
2026-01-27 15:31:59.370+0000 [id=104]	INFO	h.model.UpdateCenter$DownloadJob#run: Starting the installation of workflow-step-api on behalf of admin
2026-01-27 15:31:59.395+0000 [id=104]	INFO	h.model.UpdateCenter$DownloadJob#run: Installation successful: workflow-step-api
2026-01-27 15:31:59.395+0000 [id=104]	INFO	h.model.UpdateCenter$DownloadJob#run: Starting the installation of commons-text-api on behalf of admin
2026-01-27 15:31:59.399+0000 [id=104]	INFO	h.m.UpdateCenter$UpdateCenterConfiguration#download: Downloading commons-text-api
2026-01-27 15:32:02.701+0000 [id=104]	INFO	h.model.UpdateCenter$DownloadJob#run: Installation successful: commons-text-api
2026-01-27 15:32:02.701+0000 [id=104]	INFO	h.model.UpdateCenter$DownloadJob#run: Starting the installation of token-macro on behalf of admin
2026-01-27 15:32:02.701+0000 [id=104]	INFO	h.m.UpdateCenter$UpdateCenterConfiguration#download: Downloading token-macro
2026-01-27 15:32:05.093+0000 [id=104]	INFO	h.model.UpdateCenter$DownloadJob#run: Installation successful: token-macro
2026-01-27 15:32:05.094+0000 [id=104]	INFO	h.model.UpdateCenter$DownloadJob#run: Starting the installation of build-timeout on behalf of admin
2026-01-27 15:32:05.094+0000 [id=104]	INFO	h.m.UpdateCenter$UpdateCenterConfiguration#download: Downloading build-timeout
2026-01-27 15:32:06.971+0000 [id=104]	INFO	h.model.UpdateCenter$DownloadJob#run: Installation successful: build-timeout
2026-01-27 15:32:06.971+0000 [id=104]	INFO	h.model.UpdateCenter$DownloadJob#run: Starting the installation of bouncycastle-api on behalf of admin
2026-01-27 15:32:07.710+0000 [id=104]	INFO	h.model.UpdateCenter$DownloadJob#run: Installation successful: bouncycastle-api
2026-01-27 15:32:07.711+0000 [id=104]	INFO	h.model.UpdateCenter$DownloadJob#run: Starting the installation of credentials on behalf of admin
2026-01-27 15:32:07.712+0000 [id=104]	INFO	h.m.UpdateCenter$UpdateCenterConfiguration#download: Downloading credentials
2026-01-27 15:32:10.701+0000 [id=104]	INFO	h.model.UpdateCenter$DownloadJob#run: Installation successful: credentials
2026-01-27 15:32:10.701+0000 [id=104]	INFO	h.model.UpdateCenter$DownloadJob#run: Starting the installation of plain-credentials on behalf of admin
2026-01-27 15:32:10.701+0000 [id=104]	INFO	h.m.UpdateCenter$UpdateCenterConfiguration#download: Downloading plain-credentials
2026-01-27 15:32:12.679+0000 [id=104]	INFO	h.model.UpdateCenter$DownloadJob#run: Installation successful: plain-credentials
2026-01-27 15:32:12.679+0000 [id=104]	INFO	h.model.UpdateCenter$DownloadJob#run: Starting the installation of variant on behalf of admin
2026-01-27 15:32:12.680+0000 [id=104]	INFO	h.m.UpdateCenter$UpdateCenterConfiguration#download: Downloading variant
2026-01-27 15:32:14.748+0000 [id=104]	INFO	h.model.UpdateCenter$DownloadJob#run: Installation successful: variant
2026-01-27 15:32:14.749+0000 [id=104]	INFO	h.model.UpdateCenter$DownloadJob#run: Starting the installation of ssh-credentials on behalf of admin
2026-01-27 15:32:14.749+0000 [id=104]	INFO	h.m.UpdateCenter$UpdateCenterConfiguration#download: Downloading ssh-credentials
2026-01-27 15:32:16.555+0000 [id=104]	INFO	h.model.UpdateCenter$DownloadJob#run: Installation successful: ssh-credentials
2026-01-27 15:32:16.556+0000 [id=104]	INFO	h.model.UpdateCenter$DownloadJob#run: Starting the installation of credentials-binding on behalf of admin
2026-01-27 15:32:16.556+0000 [id=104]	INFO	h.m.UpdateCenter$UpdateCenterConfiguration#download: Downloading credentials-binding
2026-01-27 15:32:18.914+0000 [id=104]	INFO	h.model.UpdateCenter$DownloadJob#run: Installation successful: credentials-binding
2026-01-27 15:32:18.914+0000 [id=104]	INFO	h.model.UpdateCenter$DownloadJob#run: Starting the installation of scm-api on behalf of admin
2026-01-27 15:32:18.916+0000 [id=104]	INFO	h.m.UpdateCenter$UpdateCenterConfiguration#download: Downloading scm-api
2026-01-27 15:32:21.055+0000 [id=104]	INFO	h.model.UpdateCenter$DownloadJob#run: Installation successful: scm-api
2026-01-27 15:32:21.055+0000 [id=104]	INFO	h.model.UpdateCenter$DownloadJob#run: Starting the installation of workflow-api on behalf of admin
2026-01-27 15:32:21.078+0000 [id=104]	INFO	h.model.UpdateCenter$DownloadJob#run: Installation successful: workflow-api
2026-01-27 15:32:21.079+0000 [id=104]	INFO	h.model.UpdateCenter$DownloadJob#run: Starting the installation of timestamper on behalf of admin
2026-01-27 15:32:21.079+0000 [id=104]	INFO	h.m.UpdateCenter$UpdateCenterConfiguration#download: Downloading timestamper
2026-01-27 15:32:23.232+0000 [id=104]	INFO	h.model.UpdateCenter$DownloadJob#run: Installation successful: timestamper
2026-01-27 15:32:23.233+0000 [id=104]	INFO	h.model.UpdateCenter$DownloadJob#run: Starting the installation of caffeine-api on behalf of admin
2026-01-27 15:32:23.269+0000 [id=104]	INFO	h.model.UpdateCenter$DownloadJob#run: Installation successful: caffeine-api
2026-01-27 15:32:23.270+0000 [id=104]	INFO	h.model.UpdateCenter$DownloadJob#run: Starting the installation of script-security on behalf of admin
2026-01-27 15:32:23.284+0000 [id=104]	INFO	h.model.UpdateCenter$DownloadJob#run: Installation successful: script-security
2026-01-27 15:32:23.285+0000 [id=104]	INFO	h.model.UpdateCenter$DownloadJob#run: Starting the installation of javax-activation-api on behalf of admin
2026-01-27 15:32:23.303+0000 [id=104]	INFO	h.model.UpdateCenter$DownloadJob#run: Installation successful: javax-activation-api
2026-01-27 15:32:23.303+0000 [id=104]	INFO	h.model.UpdateCenter$DownloadJob#run: Starting the installation of jaxb on behalf of admin
2026-01-27 15:32:23.310+0000 [id=104]	INFO	h.m.UpdateCenter$UpdateCenterConfiguration#download: Downloading jaxb
2026-01-27 15:32:25.442+0000 [id=104]	INFO	h.model.UpdateCenter$DownloadJob#run: Installation successful: jaxb
2026-01-27 15:32:25.442+0000 [id=104]	INFO	h.model.UpdateCenter$DownloadJob#run: Starting the installation of snakeyaml-api on behalf of admin
2026-01-27 15:32:25.454+0000 [id=104]	INFO	h.model.UpdateCenter$DownloadJob#run: Installation successful: snakeyaml-api
2026-01-27 15:32:25.454+0000 [id=104]	INFO	h.model.UpdateCenter$DownloadJob#run: Starting the installation of jakarta-activation-api on behalf of admin
2026-01-27 15:32:25.464+0000 [id=104]	INFO	h.model.UpdateCenter$DownloadJob#run: Installation successful: jakarta-activation-api
2026-01-27 15:32:25.465+0000 [id=104]	INFO	h.model.UpdateCenter$DownloadJob#run: Starting the installation of jakarta-xml-bind-api on behalf of admin
2026-01-27 15:32:25.470+0000 [id=104]	INFO	h.m.UpdateCenter$UpdateCenterConfiguration#download: Downloading jakarta-xml-bind-api
2026-01-27 15:32:28.755+0000 [id=104]	INFO	h.model.UpdateCenter$DownloadJob#run: Installation successful: jakarta-xml-bind-api
2026-01-27 15:32:28.755+0000 [id=104]	INFO	h.model.UpdateCenter$DownloadJob#run: Starting the installation of json-api on behalf of admin
2026-01-27 15:32:28.756+0000 [id=104]	INFO	h.m.UpdateCenter$UpdateCenterConfiguration#download: Downloading json-api
2026-01-27 15:32:32.716+0000 [id=104]	INFO	h.model.UpdateCenter$DownloadJob#run: Installation successful: json-api
2026-01-27 15:32:32.717+0000 [id=104]	INFO	h.model.UpdateCenter$DownloadJob#run: Starting the installation of jackson2-api on behalf of admin
2026-01-27 15:32:32.839+0000 [id=104]	INFO	h.model.UpdateCenter$DownloadJob#run: Installation successful: jackson2-api
2026-01-27 15:32:32.839+0000 [id=104]	INFO	h.model.UpdateCenter$DownloadJob#run: Starting the installation of workflow-support on behalf of admin
2026-01-27 15:32:32.842+0000 [id=104]	INFO	h.m.UpdateCenter$UpdateCenterConfiguration#download: Downloading workflow-support
2026-01-27 15:32:36.518+0000 [id=104]	INFO	h.model.UpdateCenter$DownloadJob#run: Installation successful: workflow-support
2026-01-27 15:32:36.520+0000 [id=104]	INFO	h.model.UpdateCenter$DownloadJob#run: Starting the installation of plugin-util-api on behalf of admin
2026-01-27 15:32:36.576+0000 [id=104]	INFO	h.model.UpdateCenter$DownloadJob#run: Installation successful: plugin-util-api
2026-01-27 15:32:36.576+0000 [id=104]	INFO	h.model.UpdateCenter$DownloadJob#run: Starting the installation of font-awesome-api on behalf of admin
2026-01-27 15:32:36.628+0000 [id=104]	INFO	h.model.UpdateCenter$DownloadJob#run: Installation successful: font-awesome-api
2026-01-27 15:32:36.629+0000 [id=104]	INFO	h.model.UpdateCenter$DownloadJob#run: Starting the installation of bootstrap5-api on behalf of admin
2026-01-27 15:32:36.699+0000 [id=104]	INFO	h.model.UpdateCenter$DownloadJob#run: Installation successful: bootstrap5-api
2026-01-27 15:32:36.700+0000 [id=104]	INFO	h.model.UpdateCenter$DownloadJob#run: Starting the installation of jquery3-api on behalf of admin
2026-01-27 15:32:36.732+0000 [id=104]	INFO	h.model.UpdateCenter$DownloadJob#run: Installation successful: jquery3-api
2026-01-27 15:32:36.733+0000 [id=104]	INFO	h.model.UpdateCenter$DownloadJob#run: Starting the installation of echarts-api on behalf of admin
2026-01-27 15:32:37.126+0000 [id=104]	INFO	h.model.UpdateCenter$DownloadJob#run: Installation successful: echarts-api
2026-01-27 15:32:37.126+0000 [id=104]	INFO	h.model.UpdateCenter$DownloadJob#run: Starting the installation of prism-api on behalf of admin
2026-01-27 15:32:37.127+0000 [id=104]	INFO	h.m.UpdateCenter$UpdateCenterConfiguration#download: Downloading prism-api
2026-01-27 15:32:40.549+0000 [id=104]	INFO	h.model.UpdateCenter$DownloadJob#run: Installation successful: prism-api
2026-01-27 15:32:40.550+0000 [id=104]	INFO	h.model.UpdateCenter$DownloadJob#run: Starting the installation of display-url-api on behalf of admin
2026-01-27 15:32:40.569+0000 [id=104]	INFO	h.model.UpdateCenter$DownloadJob#run: Installation successful: display-url-api
2026-01-27 15:32:40.570+0000 [id=104]	INFO	h.model.UpdateCenter$DownloadJob#run: Starting the installation of checks-api on behalf of admin
2026-01-27 15:32:40.572+0000 [id=104]	INFO	h.m.UpdateCenter$UpdateCenterConfiguration#download: Downloading checks-api
2026-01-27 15:32:44.631+0000 [id=104]	INFO	h.model.UpdateCenter$DownloadJob#run: Installation successful: checks-api
2026-01-27 15:32:44.632+0000 [id=104]	INFO	h.model.UpdateCenter$DownloadJob#run: Starting the installation of junit on behalf of admin
2026-01-27 15:32:44.639+0000 [id=104]	INFO	h.m.UpdateCenter$UpdateCenterConfiguration#download: Downloading junit
2026-01-27 15:32:48.281+0000 [id=104]	INFO	h.model.UpdateCenter$DownloadJob#run: Installation successful: junit
2026-01-27 15:32:48.282+0000 [id=104]	INFO	h.model.UpdateCenter$DownloadJob#run: Starting the installation of matrix-project on behalf of admin
2026-01-27 15:32:48.311+0000 [id=104]	INFO	h.model.UpdateCenter$DownloadJob#run: Installation successful: matrix-project
2026-01-27 15:32:48.312+0000 [id=104]	INFO	h.model.UpdateCenter$DownloadJob#run: Starting the installation of resource-disposer on behalf of admin
2026-01-27 15:32:48.312+0000 [id=104]	INFO	h.m.UpdateCenter$UpdateCenterConfiguration#download: Downloading resource-disposer
2026-01-27 15:32:50.872+0000 [id=104]	INFO	h.model.UpdateCenter$DownloadJob#run: Installation successful: resource-disposer
2026-01-27 15:32:50.873+0000 [id=104]	INFO	h.model.UpdateCenter$DownloadJob#run: Starting the installation of ws-cleanup on behalf of admin
2026-01-27 15:32:50.873+0000 [id=104]	INFO	h.m.UpdateCenter$UpdateCenterConfiguration#download: Downloading ws-cleanup
2026-01-27 15:32:53.332+0000 [id=104]	INFO	h.model.UpdateCenter$DownloadJob#run: Installation successful: ws-cleanup
2026-01-27 15:32:53.333+0000 [id=104]	INFO	h.model.UpdateCenter$DownloadJob#run: Starting the installation of ant on behalf of admin
2026-01-27 15:32:53.334+0000 [id=104]	INFO	h.m.UpdateCenter$UpdateCenterConfiguration#download: Downloading ant
2026-01-27 15:32:55.584+0000 [id=104]	INFO	h.model.UpdateCenter$DownloadJob#run: Installation successful: ant
2026-01-27 15:32:55.584+0000 [id=104]	INFO	h.model.UpdateCenter$DownloadJob#run: Starting the installation of okhttp-api on behalf of admin
2026-01-27 15:32:55.585+0000 [id=104]	INFO	h.m.UpdateCenter$UpdateCenterConfiguration#download: Downloading okhttp-api
2026-01-27 15:32:59.248+0000 [id=104]	INFO	h.model.UpdateCenter$DownloadJob#run: Installation successful: okhttp-api
2026-01-27 15:32:59.248+0000 [id=104]	INFO	h.model.UpdateCenter$DownloadJob#run: Starting the installation of apache-httpcomponents-client-4-api on behalf of admin
2026-01-27 15:32:59.324+0000 [id=104]	INFO	h.model.UpdateCenter$DownloadJob#run: Installation successful: apache-httpcomponents-client-4-api
2026-01-27 15:32:59.325+0000 [id=104]	INFO	h.model.UpdateCenter$DownloadJob#run: Starting the installation of workflow-job on behalf of admin
2026-01-27 15:32:59.325+0000 [id=104]	INFO	h.m.UpdateCenter$UpdateCenterConfiguration#download: Downloading workflow-job
2026-01-27 15:33:02.030+0000 [id=104]	INFO	h.model.UpdateCenter$DownloadJob#run: Installation successful: workflow-job
2026-01-27 15:33:02.030+0000 [id=104]	INFO	h.model.UpdateCenter$DownloadJob#run: Starting the installation of gradle on behalf of admin
2026-01-27 15:33:02.031+0000 [id=104]	INFO	h.m.UpdateCenter$UpdateCenterConfiguration#download: Downloading gradle
2026-01-27 15:33:04.259+0000 [id=104]	INFO	h.model.UpdateCenter$DownloadJob#run: Installation successful: gradle
2026-01-27 15:33:04.260+0000 [id=104]	INFO	h.model.UpdateCenter$DownloadJob#run: Starting the installation of pipeline-milestone-step on behalf of admin
2026-01-27 15:33:04.260+0000 [id=104]	INFO	h.m.UpdateCenter$UpdateCenterConfiguration#download: Downloading pipeline-milestone-step
2026-01-27 15:33:10.689+0000 [id=104]	INFO	h.model.UpdateCenter$DownloadJob#run: Installation successful: pipeline-milestone-step
2026-01-27 15:33:10.690+0000 [id=104]	INFO	h.model.UpdateCenter$DownloadJob#run: Starting the installation of durable-task on behalf of admin
2026-01-27 15:33:10.690+0000 [id=104]	INFO	h.m.UpdateCenter$UpdateCenterConfiguration#download: Downloading durable-task
2026-01-27 15:33:15.521+0000 [id=104]	INFO	h.model.UpdateCenter$DownloadJob#run: Installation successful: durable-task
2026-01-27 15:33:15.522+0000 [id=104]	INFO	h.model.UpdateCenter$DownloadJob#run: Starting the installation of workflow-durable-task-step on behalf of admin
2026-01-27 15:33:15.523+0000 [id=104]	INFO	h.m.UpdateCenter$UpdateCenterConfiguration#download: Downloading workflow-durable-task-step
2026-01-27 15:33:17.959+0000 [id=104]	INFO	h.model.UpdateCenter$DownloadJob#run: Installation successful: workflow-durable-task-step
2026-01-27 15:33:17.960+0000 [id=104]	INFO	h.model.UpdateCenter$DownloadJob#run: Starting the installation of pipeline-build-step on behalf of admin
2026-01-27 15:33:17.960+0000 [id=104]	INFO	h.m.UpdateCenter$UpdateCenterConfiguration#download: Downloading pipeline-build-step
2026-01-27 15:33:20.019+0000 [id=104]	INFO	h.model.UpdateCenter$DownloadJob#run: Installation successful: pipeline-build-step
2026-01-27 15:33:20.020+0000 [id=104]	INFO	h.model.UpdateCenter$DownloadJob#run: Starting the installation of workflow-scm-step on behalf of admin
2026-01-27 15:33:20.020+0000 [id=104]	INFO	h.m.UpdateCenter$UpdateCenterConfiguration#download: Downloading workflow-scm-step
2026-01-27 15:33:22.278+0000 [id=104]	INFO	h.model.UpdateCenter$DownloadJob#run: Installation successful: workflow-scm-step
2026-01-27 15:33:22.278+0000 [id=104]	INFO	h.model.UpdateCenter$DownloadJob#run: Starting the installation of workflow-cps on behalf of admin
2026-01-27 15:33:22.278+0000 [id=104]	INFO	h.m.UpdateCenter$UpdateCenterConfiguration#download: Downloading workflow-cps
2026-01-27 15:33:26.211+0000 [id=104]	INFO	h.model.UpdateCenter$DownloadJob#run: Installation successful: workflow-cps
2026-01-27 15:33:26.212+0000 [id=104]	INFO	h.model.UpdateCenter$DownloadJob#run: Starting the installation of pipeline-groovy-lib on behalf of admin
2026-01-27 15:33:26.212+0000 [id=104]	INFO	h.m.UpdateCenter$UpdateCenterConfiguration#download: Downloading pipeline-groovy-lib
2026-01-27 15:33:29.113+0000 [id=104]	INFO	h.model.UpdateCenter$DownloadJob#run: Installation successful: pipeline-groovy-lib
2026-01-27 15:33:29.113+0000 [id=104]	INFO	h.model.UpdateCenter$DownloadJob#run: Starting the installation of joda-time-api on behalf of admin
2026-01-27 15:33:29.113+0000 [id=104]	INFO	h.m.UpdateCenter$UpdateCenterConfiguration#download: Downloading joda-time-api
2026-01-27 15:33:31.815+0000 [id=104]	INFO	h.model.UpdateCenter$DownloadJob#run: Installation successful: joda-time-api
2026-01-27 15:33:31.816+0000 [id=104]	INFO	h.model.UpdateCenter$DownloadJob#run: Starting the installation of pipeline-model-api on behalf of admin
2026-01-27 15:33:31.816+0000 [id=104]	INFO	h.m.UpdateCenter$UpdateCenterConfiguration#download: Downloading pipeline-model-api
2026-01-27 15:33:34.210+0000 [id=104]	INFO	h.model.UpdateCenter$DownloadJob#run: Installation successful: pipeline-model-api
2026-01-27 15:33:34.210+0000 [id=104]	INFO	h.model.UpdateCenter$DownloadJob#run: Starting the installation of pipeline-stage-step on behalf of admin
2026-01-27 15:33:34.211+0000 [id=104]	INFO	h.m.UpdateCenter$UpdateCenterConfiguration#download: Downloading pipeline-stage-step
2026-01-27 15:33:36.500+0000 [id=104]	INFO	h.model.UpdateCenter$DownloadJob#run: Installation successful: pipeline-stage-step
2026-01-27 15:33:36.500+0000 [id=104]	INFO	h.model.UpdateCenter$DownloadJob#run: Starting the installation of pipeline-model-extensions on behalf of admin
2026-01-27 15:33:36.502+0000 [id=104]	INFO	h.m.UpdateCenter$UpdateCenterConfiguration#download: Downloading pipeline-model-extensions
2026-01-27 15:33:40.377+0000 [id=104]	INFO	h.model.UpdateCenter$DownloadJob#run: Installation successful: pipeline-model-extensions
2026-01-27 15:33:40.377+0000 [id=104]	INFO	h.model.UpdateCenter$DownloadJob#run: Starting the installation of jakarta-mail-api on behalf of admin
2026-01-27 15:33:40.401+0000 [id=104]	INFO	h.model.UpdateCenter$DownloadJob#run: Installation successful: jakarta-mail-api
2026-01-27 15:33:40.401+0000 [id=104]	INFO	h.model.UpdateCenter$DownloadJob#run: Starting the installation of instance-identity on behalf of admin
2026-01-27 15:33:40.409+0000 [id=104]	INFO	h.model.UpdateCenter$DownloadJob#run: Installation successful: instance-identity
2026-01-27 15:33:40.409+0000 [id=104]	INFO	h.model.UpdateCenter$DownloadJob#run: Starting the installation of mailer on behalf of admin
2026-01-27 15:33:40.410+0000 [id=104]	INFO	h.m.UpdateCenter$UpdateCenterConfiguration#download: Downloading mailer
2026-01-27 15:33:43.766+0000 [id=104]	INFO	h.model.UpdateCenter$DownloadJob#run: Installation successful: mailer
2026-01-27 15:33:43.766+0000 [id=104]	INFO	h.model.UpdateCenter$DownloadJob#run: Starting the installation of branch-api on behalf of admin
2026-01-27 15:33:43.768+0000 [id=104]	INFO	h.m.UpdateCenter$UpdateCenterConfiguration#download: Downloading branch-api
2026-01-27 15:33:46.307+0000 [id=104]	INFO	h.model.UpdateCenter$DownloadJob#run: Installation successful: branch-api
2026-01-27 15:33:46.307+0000 [id=104]	INFO	h.model.UpdateCenter$DownloadJob#run: Starting the installation of workflow-multibranch on behalf of admin
2026-01-27 15:33:46.307+0000 [id=104]	INFO	h.m.UpdateCenter$UpdateCenterConfiguration#download: Downloading workflow-multibranch
2026-01-27 15:33:49.522+0000 [id=104]	INFO	h.model.UpdateCenter$DownloadJob#run: Installation successful: workflow-multibranch
2026-01-27 15:33:49.523+0000 [id=104]	INFO	h.model.UpdateCenter$DownloadJob#run: Starting the installation of pipeline-stage-tags-metadata on behalf of admin
2026-01-27 15:33:49.523+0000 [id=104]	INFO	h.m.UpdateCenter$UpdateCenterConfiguration#download: Downloading pipeline-stage-tags-metadata
2026-01-27 15:33:51.900+0000 [id=104]	INFO	h.model.UpdateCenter$DownloadJob#run: Installation successful: pipeline-stage-tags-metadata
2026-01-27 15:33:51.900+0000 [id=104]	INFO	h.model.UpdateCenter$DownloadJob#run: Starting the installation of pipeline-input-step on behalf of admin
2026-01-27 15:33:51.901+0000 [id=104]	INFO	h.m.UpdateCenter$UpdateCenterConfiguration#download: Downloading pipeline-input-step
2026-01-27 15:33:55.358+0000 [id=104]	INFO	h.model.UpdateCenter$DownloadJob#run: Installation successful: pipeline-input-step
2026-01-27 15:33:55.358+0000 [id=104]	INFO	h.model.UpdateCenter$DownloadJob#run: Starting the installation of workflow-basic-steps on behalf of admin
2026-01-27 15:33:55.359+0000 [id=104]	INFO	h.m.UpdateCenter$UpdateCenterConfiguration#download: Downloading workflow-basic-steps
2026-01-27 15:33:58.991+0000 [id=104]	INFO	h.model.UpdateCenter$DownloadJob#run: Installation successful: workflow-basic-steps
2026-01-27 15:33:58.991+0000 [id=104]	INFO	h.model.UpdateCenter$DownloadJob#run: Starting the installation of pipeline-model-definition on behalf of admin
2026-01-27 15:33:58.992+0000 [id=104]	INFO	h.m.UpdateCenter$UpdateCenterConfiguration#download: Downloading pipeline-model-definition
2026-01-27 15:34:02.304+0000 [id=104]	INFO	h.model.UpdateCenter$DownloadJob#run: Installation successful: pipeline-model-definition
2026-01-27 15:34:02.304+0000 [id=104]	INFO	h.model.UpdateCenter$DownloadJob#run: Starting the installation of workflow-aggregator on behalf of admin
2026-01-27 15:34:02.304+0000 [id=104]	INFO	h.m.UpdateCenter$UpdateCenterConfiguration#download: Downloading workflow-aggregator
2026-01-27 15:34:04.695+0000 [id=104]	INFO	h.model.UpdateCenter$DownloadJob#run: Installation successful: workflow-aggregator
2026-01-27 15:34:04.695+0000 [id=104]	INFO	h.model.UpdateCenter$DownloadJob#run: Starting the installation of jjwt-api on behalf of admin
2026-01-27 15:34:04.695+0000 [id=104]	INFO	h.m.UpdateCenter$UpdateCenterConfiguration#download: Downloading jjwt-api
2026-01-27 15:34:07.385+0000 [id=104]	INFO	h.model.UpdateCenter$DownloadJob#run: Installation successful: jjwt-api
2026-01-27 15:34:07.386+0000 [id=104]	INFO	h.model.UpdateCenter$DownloadJob#run: Starting the installation of github-api on behalf of admin
2026-01-27 15:34:07.386+0000 [id=104]	INFO	h.m.UpdateCenter$UpdateCenterConfiguration#download: Downloading github-api
2026-01-27 15:34:10.363+0000 [id=104]	INFO	h.model.UpdateCenter$DownloadJob#run: Installation successful: github-api
2026-01-27 15:34:10.364+0000 [id=104]	INFO	h.model.UpdateCenter$DownloadJob#run: Starting the installation of mina-sshd-api-common on behalf of admin
2026-01-27 15:34:10.394+0000 [id=104]	INFO	h.model.UpdateCenter$DownloadJob#run: Installation successful: mina-sshd-api-common
2026-01-27 15:34:10.394+0000 [id=104]	INFO	h.model.UpdateCenter$DownloadJob#run: Starting the installation of mina-sshd-api-core on behalf of admin
2026-01-27 15:34:10.443+0000 [id=104]	INFO	h.model.UpdateCenter$DownloadJob#run: Installation successful: mina-sshd-api-core
2026-01-27 15:34:10.444+0000 [id=104]	INFO	h.model.UpdateCenter$DownloadJob#run: Starting the installation of gson-api on behalf of admin
2026-01-27 15:34:10.459+0000 [id=104]	INFO	h.model.UpdateCenter$DownloadJob#run: Installation successful: gson-api
2026-01-27 15:34:10.459+0000 [id=104]	INFO	h.model.UpdateCenter$DownloadJob#run: Starting the installation of git-client on behalf of admin
2026-01-27 15:34:10.459+0000 [id=104]	INFO	h.m.UpdateCenter$UpdateCenterConfiguration#download: Downloading git-client
2026-01-27 15:34:13.477+0000 [id=104]	INFO	h.model.UpdateCenter$DownloadJob#run: Installation successful: git-client
2026-01-27 15:34:13.477+0000 [id=104]	INFO	h.model.UpdateCenter$DownloadJob#run: Starting the installation of git on behalf of admin
2026-01-27 15:34:13.477+0000 [id=104]	INFO	h.m.UpdateCenter$UpdateCenterConfiguration#download: Downloading git
2026-01-27 15:34:15.635+0000 [id=104]	INFO	h.model.UpdateCenter$DownloadJob#run: Installation successful: git
2026-01-27 15:34:15.636+0000 [id=104]	INFO	h.model.UpdateCenter$DownloadJob#run: Starting the installation of github on behalf of admin
2026-01-27 15:34:15.636+0000 [id=104]	INFO	h.m.UpdateCenter$UpdateCenterConfiguration#download: Downloading github
2026-01-27 15:34:18.591+0000 [id=104]	INFO	h.model.UpdateCenter$DownloadJob#run: Installation successful: github
2026-01-27 15:34:18.591+0000 [id=104]	INFO	h.model.UpdateCenter$DownloadJob#run: Starting the installation of github-branch-source on behalf of admin
2026-01-27 15:34:18.591+0000 [id=104]	INFO	h.m.UpdateCenter$UpdateCenterConfiguration#download: Downloading github-branch-source
2026-01-27 15:34:21.845+0000 [id=104]	INFO	h.model.UpdateCenter$DownloadJob#run: Installation successful: github-branch-source
2026-01-27 15:34:21.846+0000 [id=104]	INFO	h.model.UpdateCenter$DownloadJob#run: Starting the installation of pipeline-github-lib on behalf of admin
2026-01-27 15:34:21.846+0000 [id=104]	INFO	h.m.UpdateCenter$UpdateCenterConfiguration#download: Downloading pipeline-github-lib
2026-01-27 15:34:24.968+0000 [id=104]	INFO	h.model.UpdateCenter$DownloadJob#run: Installation successful: pipeline-github-lib
2026-01-27 15:34:24.969+0000 [id=104]	INFO	h.model.UpdateCenter$DownloadJob#run: Starting the installation of metrics on behalf of admin
2026-01-27 15:34:24.969+0000 [id=104]	INFO	h.m.UpdateCenter$UpdateCenterConfiguration#download: Downloading metrics
2026-01-27 15:34:27.686+0000 [id=104]	INFO	h.model.UpdateCenter$DownloadJob#run: Installation successful: metrics
2026-01-27 15:34:27.686+0000 [id=104]	INFO	h.model.UpdateCenter$DownloadJob#run: Starting the installation of pipeline-graph-view on behalf of admin
2026-01-27 15:34:27.687+0000 [id=104]	INFO	h.m.UpdateCenter$UpdateCenterConfiguration#download: Downloading pipeline-graph-view
2026-01-27 15:34:30.328+0000 [id=104]	INFO	h.model.UpdateCenter$DownloadJob#run: Installation successful: pipeline-graph-view
2026-01-27 15:34:30.328+0000 [id=104]	INFO	h.model.UpdateCenter$DownloadJob#run: Starting the installation of git on behalf of admin
2026-01-27 15:34:30.328+0000 [id=104]	INFO	h.m.UpdateCenter$InstallationJob#_run: Skipping duplicate install of: Git@5.9.0
2026-01-27 15:34:30.329+0000 [id=104]	INFO	h.model.UpdateCenter$DownloadJob#run: Installation successful: git
2026-01-27 15:34:30.329+0000 [id=104]	INFO	h.model.UpdateCenter$DownloadJob#run: Starting the installation of eddsa-api on behalf of admin
2026-01-27 15:34:30.331+0000 [id=104]	INFO	h.m.UpdateCenter$UpdateCenterConfiguration#download: Downloading eddsa-api
2026-01-27 15:34:34.094+0000 [id=104]	INFO	h.model.UpdateCenter$DownloadJob#run: Installation successful: eddsa-api
2026-01-27 15:34:34.094+0000 [id=104]	INFO	h.model.UpdateCenter$DownloadJob#run: Starting the installation of trilead-api on behalf of admin
2026-01-27 15:34:34.129+0000 [id=104]	INFO	h.m.UpdateCenter$UpdateCenterConfiguration#download: Downloading trilead-api
2026-01-27 15:34:40.372+0000 [id=104]	INFO	h.model.UpdateCenter$DownloadJob#run: Installation successful: trilead-api
2026-01-27 15:34:40.373+0000 [id=104]	INFO	h.model.UpdateCenter$DownloadJob#run: Starting the installation of ssh-slaves on behalf of admin
2026-01-27 15:34:40.373+0000 [id=104]	INFO	h.m.UpdateCenter$UpdateCenterConfiguration#download: Downloading ssh-slaves
2026-01-27 15:34:43.100+0000 [id=104]	INFO	h.model.UpdateCenter$DownloadJob#run: Installation successful: ssh-slaves
2026-01-27 15:34:43.100+0000 [id=104]	INFO	h.model.UpdateCenter$DownloadJob#run: Starting the installation of matrix-auth on behalf of admin
2026-01-27 15:34:43.109+0000 [id=104]	INFO	h.model.UpdateCenter$DownloadJob#run: Installation successful: matrix-auth
2026-01-27 15:34:43.110+0000 [id=104]	INFO	h.model.UpdateCenter$DownloadJob#run: Starting the installation of ldap on behalf of admin
2026-01-27 15:34:43.110+0000 [id=104]	INFO	h.m.UpdateCenter$UpdateCenterConfiguration#download: Downloading ldap
2026-01-27 15:34:46.674+0000 [id=104]	INFO	h.model.UpdateCenter$DownloadJob#run: Installation successful: ldap
2026-01-27 15:34:46.674+0000 [id=104]	INFO	h.model.UpdateCenter$DownloadJob#run: Starting the installation of jsoup on behalf of admin
2026-01-27 15:34:46.674+0000 [id=104]	INFO	h.m.UpdateCenter$UpdateCenterConfiguration#download: Downloading jsoup
2026-01-27 15:34:49.284+0000 [id=104]	INFO	h.model.UpdateCenter$DownloadJob#run: Installation successful: jsoup
2026-01-27 15:34:49.284+0000 [id=104]	INFO	h.model.UpdateCenter$DownloadJob#run: Starting the installation of email-ext on behalf of admin
2026-01-27 15:34:49.285+0000 [id=104]	INFO	h.m.UpdateCenter$UpdateCenterConfiguration#download: Downloading email-ext
2026-01-27 15:34:52.927+0000 [id=104]	INFO	h.model.UpdateCenter$DownloadJob#run: Installation successful: email-ext
2026-01-27 15:34:52.927+0000 [id=104]	INFO	h.model.UpdateCenter$DownloadJob#run: Starting the installation of mailer on behalf of admin
2026-01-27 15:34:52.927+0000 [id=104]	INFO	h.m.UpdateCenter$InstallationJob#_run: Skipping duplicate install of: Mailer@525.v2458b_d8a_1a_71
2026-01-27 15:34:52.927+0000 [id=104]	INFO	h.model.UpdateCenter$DownloadJob#run: Installation successful: mailer
2026-01-27 15:34:52.927+0000 [id=104]	INFO	h.model.UpdateCenter$DownloadJob#run: Starting the installation of theme-manager on behalf of admin
2026-01-27 15:34:52.928+0000 [id=104]	INFO	h.m.UpdateCenter$UpdateCenterConfiguration#download: Downloading theme-manager
2026-01-27 15:34:55.077+0000 [id=104]	INFO	h.model.UpdateCenter$DownloadJob#run: Installation successful: theme-manager
2026-01-27 15:34:55.077+0000 [id=104]	INFO	h.model.UpdateCenter$DownloadJob#run: Starting the installation of dark-theme on behalf of admin
2026-01-27 15:34:55.082+0000 [id=104]	INFO	h.m.UpdateCenter$UpdateCenterConfiguration#download: Downloading dark-theme
2026-01-27 15:34:57.053+0000 [id=104]	INFO	h.model.UpdateCenter$DownloadJob#run: Installation successful: dark-theme
2026-01-27 15:34:57.053+0000 [id=104]	INFO	h.m.UpdateCenter$CompleteBatchJob#run: Completing installing of plugin batch…
2026-01-27 15:35:01.017+0000 [id=104]	INFO	h.p.b.g.GlobalTimeOutConfiguration#load: global timeout not set
2026-01-27 15:35:04.315+0000 [id=104]	INFO	h.m.DownloadService$Downloadable#load: Obtained the updated data file for hudson.tasks.Ant.AntInstaller
2026-01-27 15:35:06.662+0000 [id=104]	INFO	h.m.DownloadService$Downloadable#load: Obtained the updated data file for hudson.plugins.gradle.GradleInstaller
2026-01-27 15:35:07.826+0000 [id=279]	INFO	jenkins.InitReactorRunner$1#onAttained: Started initialization
2026-01-27 15:35:07.850+0000 [id=291]	INFO	jenkins.InitReactorRunner$1#onAttained: Listed all plugins
2026-01-27 15:35:07.858+0000 [id=297]	INFO	jenkins.InitReactorRunner$1#onAttained: Prepared all plugins
2026-01-27 15:35:07.892+0000 [id=280]	INFO	jenkins.InitReactorRunner$1#onAttained: Started all plugins
2026-01-27 15:35:07.898+0000 [id=287]	INFO	jenkins.InitReactorRunner$1#onAttained: Augmented all extensions
2026-01-27 15:35:07.903+0000 [id=285]	INFO	jenkins.InitReactorRunner$1#onAttained: System config loaded
2026-01-27 15:35:07.904+0000 [id=285]	INFO	jenkins.InitReactorRunner$1#onAttained: System config adapted
2026-01-27 15:35:08.077+0000 [id=293]	INFO	jenkins.InitReactorRunner$1#onAttained: Loaded all jobs
2026-01-27 15:35:08.079+0000 [id=299]	INFO	jenkins.InitReactorRunner$1#onAttained: Configuration for all jobs updated
2026-01-27 15:35:08.373+0000 [id=286]	INFO	jenkins.InitReactorRunner$1#onAttained: Completed initialization
2026-01-27 15:35:08.375+0000 [id=104]	INFO	h.m.UpdateCenter$CompleteBatchJob#run: Completed installation of 89 plugins in 3 min 20 sec
2026-01-27 15:52:06.084+0000 [id=349]	INFO	hudson.PluginManager#install: Starting installation of a batch of 2 plugins plus their dependencies
2026-01-27 15:52:06.086+0000 [id=349]	INFO	hudson.model.UpdateSite$Plugin#deploy: Adding dependent install of docker-commons for plugin docker-workflow
2026-01-27 15:52:06.086+0000 [id=349]	INFO	hudson.model.UpdateSite$Plugin#deploy: Adding dependent install of authentication-tokens for plugin docker-commons
2026-01-27 15:52:06.087+0000 [id=382]	INFO	h.model.UpdateCenter$DownloadJob#run: Starting the installation of authentication-tokens on behalf of admin
2026-01-27 15:52:06.088+0000 [id=349]	INFO	hudson.model.UpdateSite$Plugin#deploy: Adding dependent install of kubernetes-credentials for plugin kubernetes
2026-01-27 15:52:06.089+0000 [id=349]	INFO	hudson.model.UpdateSite$Plugin#deploy: Adding dependent install of kubernetes-client-api for plugin kubernetes-credentials
2026-01-27 15:52:06.089+0000 [id=382]	INFO	h.m.UpdateCenter$UpdateCenterConfiguration#download: Downloading authentication-tokens
2026-01-27 15:52:12.210+0000 [id=382]	INFO	h.model.UpdateCenter$DownloadJob#run: Installation successful: authentication-tokens
2026-01-27 15:52:12.211+0000 [id=382]	INFO	h.model.UpdateCenter$DownloadJob#run: Starting the installation of docker-commons on behalf of admin
2026-01-27 15:52:12.211+0000 [id=382]	INFO	h.m.UpdateCenter$UpdateCenterConfiguration#download: Downloading docker-commons
2026-01-27 15:52:14.818+0000 [id=382]	INFO	h.model.UpdateCenter$DownloadJob#run: Installation successful: docker-commons
2026-01-27 15:52:14.818+0000 [id=382]	INFO	h.model.UpdateCenter$DownloadJob#run: Starting the installation of docker-workflow on behalf of admin
2026-01-27 15:52:14.819+0000 [id=382]	INFO	h.m.UpdateCenter$UpdateCenterConfiguration#download: Downloading docker-workflow
2026-01-27 15:52:17.600+0000 [id=382]	INFO	h.model.UpdateCenter$DownloadJob#run: Installation successful: docker-workflow
2026-01-27 15:52:17.600+0000 [id=382]	INFO	h.model.UpdateCenter$DownloadJob#run: Starting the installation of kubernetes-client-api on behalf of admin
2026-01-27 15:52:17.600+0000 [id=382]	INFO	h.m.UpdateCenter$UpdateCenterConfiguration#download: Downloading kubernetes-client-api
2026-01-27 15:52:28.248+0000 [id=382]	INFO	h.model.UpdateCenter$DownloadJob#run: Installation successful: kubernetes-client-api
2026-01-27 15:52:28.248+0000 [id=382]	INFO	h.model.UpdateCenter$DownloadJob#run: Starting the installation of kubernetes-credentials on behalf of admin
2026-01-27 15:52:28.248+0000 [id=382]	INFO	h.m.UpdateCenter$UpdateCenterConfiguration#download: Downloading kubernetes-credentials
2026-01-27 15:52:30.046+0000 [id=382]	INFO	h.model.UpdateCenter$DownloadJob#run: Installation successful: kubernetes-credentials
2026-01-27 15:52:30.047+0000 [id=382]	INFO	h.model.UpdateCenter$DownloadJob#run: Starting the installation of kubernetes on behalf of admin
2026-01-27 15:52:30.047+0000 [id=382]	INFO	h.m.UpdateCenter$UpdateCenterConfiguration#download: Downloading kubernetes
2026-01-27 15:52:31.874+0000 [id=382]	INFO	h.model.UpdateCenter$DownloadJob#run: Installation successful: kubernetes
2026-01-27 15:52:31.875+0000 [id=382]	INFO	h.m.UpdateCenter$CompleteBatchJob#run: Completing installing of plugin batch…
2026-01-27 15:52:32.348+0000 [id=405]	INFO	jenkins.InitReactorRunner$1#onAttained: Started initialization
2026-01-27 15:52:32.351+0000 [id=410]	INFO	jenkins.InitReactorRunner$1#onAttained: Listed all plugins
2026-01-27 15:52:32.353+0000 [id=414]	INFO	jenkins.InitReactorRunner$1#onAttained: Prepared all plugins
2026-01-27 15:52:32.356+0000 [id=419]	INFO	jenkins.InitReactorRunner$1#onAttained: Started all plugins
2026-01-27 15:52:32.359+0000 [id=425]	INFO	jenkins.InitReactorRunner$1#onAttained: Augmented all extensions
2026-01-27 15:52:32.360+0000 [id=420]	INFO	jenkins.InitReactorRunner$1#onAttained: System config loaded
2026-01-27 15:52:32.361+0000 [id=406]	INFO	jenkins.InitReactorRunner$1#onAttained: System config adapted
2026-01-27 15:52:32.362+0000 [id=417]	INFO	jenkins.InitReactorRunner$1#onAttained: Loaded all jobs
2026-01-27 15:52:32.363+0000 [id=423]	INFO	jenkins.InitReactorRunner$1#onAttained: Configuration for all jobs updated
2026-01-27 15:52:32.363+0000 [id=423]	INFO	jenkins.InitReactorRunner$1#onAttained: Completed initialization
2026-01-27 15:52:32.365+0000 [id=382]	INFO	h.m.UpdateCenter$CompleteBatchJob#run: Completed installation of 6 plugins in 26 sec
2026-01-27 15:56:05.341+0000 [id=17]	INFO	hudson.PluginManager#install: Starting installation of a batch of 3 plugins plus their dependencies
2026-01-27 15:56:05.343+0000 [id=17]	INFO	hudson.model.UpdateSite$Plugin#deploy: Adding dependent install of sshd for plugin git-server
2026-01-27 15:56:05.343+0000 [id=450]	INFO	h.model.UpdateCenter$DownloadJob#run: Starting the installation of sonar on behalf of admin
2026-01-27 15:56:05.345+0000 [id=450]	INFO	h.m.UpdateCenter$UpdateCenterConfiguration#download: Downloading sonar
2026-01-27 15:56:11.486+0000 [id=450]	INFO	h.model.UpdateCenter$DownloadJob#run: Installation successful: sonar
2026-01-27 15:56:11.486+0000 [id=450]	INFO	h.model.UpdateCenter$DownloadJob#run: Starting the installation of sshd on behalf of admin
2026-01-27 15:56:11.494+0000 [id=450]	INFO	h.model.UpdateCenter$DownloadJob#run: Installation successful: sshd
2026-01-27 15:56:11.494+0000 [id=450]	INFO	h.model.UpdateCenter$DownloadJob#run: Starting the installation of git-server on behalf of admin
2026-01-27 15:56:11.494+0000 [id=450]	INFO	h.m.UpdateCenter$UpdateCenterConfiguration#download: Downloading git-server
2026-01-27 15:56:14.031+0000 [id=450]	INFO	h.model.UpdateCenter$DownloadJob#run: Installation successful: git-server
2026-01-27 15:56:14.031+0000 [id=450]	INFO	h.model.UpdateCenter$DownloadJob#run: Starting the installation of workflow-cps-global-lib on behalf of admin
2026-01-27 15:56:14.031+0000 [id=450]	INFO	h.m.UpdateCenter$UpdateCenterConfiguration#download: Downloading workflow-cps-global-lib
2026-01-27 15:56:15.901+0000 [id=450]	INFO	h.model.UpdateCenter$DownloadJob#run: Installation successful: workflow-cps-global-lib
2026-01-27 15:56:15.901+0000 [id=450]	INFO	h.m.UpdateCenter$CompleteBatchJob#run: Completing installing of plugin batch…
2026-01-27 15:56:18.763+0000 [id=450]	INFO	h.m.DownloadService$Downloadable#load: Obtained the updated data file for hudson.plugins.sonar.MsBuildSonarQubeRunnerInstaller
2026-01-27 15:56:20.715+0000 [id=450]	INFO	h.m.DownloadService$Downloadable#load: Obtained the updated data file for hudson.plugins.sonar.SonarRunnerInstaller
2026-01-27 15:56:20.738+0000 [id=469]	INFO	jenkins.InitReactorRunner$1#onAttained: Started initialization
2026-01-27 15:56:20.739+0000 [id=473]	INFO	jenkins.InitReactorRunner$1#onAttained: Listed all plugins
2026-01-27 15:56:20.741+0000 [id=478]	INFO	jenkins.InitReactorRunner$1#onAttained: Prepared all plugins
2026-01-27 15:56:20.742+0000 [id=483]	INFO	jenkins.InitReactorRunner$1#onAttained: Started all plugins
2026-01-27 15:56:20.743+0000 [id=487]	INFO	jenkins.InitReactorRunner$1#onAttained: Augmented all extensions
2026-01-27 15:56:20.745+0000 [id=469]	INFO	jenkins.InitReactorRunner$1#onAttained: System config loaded
2026-01-27 15:56:20.745+0000 [id=469]	INFO	jenkins.InitReactorRunner$1#onAttained: System config adapted
2026-01-27 15:56:20.745+0000 [id=469]	INFO	jenkins.InitReactorRunner$1#onAttained: Loaded all jobs
2026-01-27 15:56:20.745+0000 [id=479]	INFO	jenkins.InitReactorRunner$1#onAttained: Configuration for all jobs updated
2026-01-27 15:56:20.757+0000 [id=472]	INFO	jenkins.InitReactorRunner$1#onAttained: Completed initialization
2026-01-27 15:56:20.758+0000 [id=450]	INFO	h.m.UpdateCenter$CompleteBatchJob#run: Completed installation of 4 plugins in 15 sec
2026-01-27 15:56:27.411+0000 [id=17]	INFO	hudson.model.UpdateCenter#doSafeRestart: Scheduling Jenkins reboot
2026-01-27 15:56:27.414+0000 [id=494]	INFO	hudson.lifecycle.Lifecycle#onStatusUpdate: Restart in 10 seconds
2026-01-27 15:56:37.414+0000 [id=494]	INFO	hudson.lifecycle.Lifecycle#onStop: Stopping Jenkins as requested by admin
2026-01-27 15:56:37.416+0000 [id=494]	INFO	hudson.lifecycle.Lifecycle#onStatusUpdate: Stopping Jenkins
2026-01-27 15:56:37.427+0000 [id=494]	INFO	jenkins.model.Jenkins$17#onAttained: Started termination
2026-01-27 15:56:37.438+0000 [id=494]	INFO	h.p.b.global.Lifecycle#shutdown: Shutdown complete - Global TimeOut ScheduledExecutorService had 0 tasks pending
2026-01-27 15:56:37.442+0000 [id=494]	INFO	jenkins.model.Jenkins$17#onAttained: Completed termination
2026-01-27 15:56:37.443+0000 [id=494]	INFO	jenkins.model.Jenkins#_cleanUpDisconnectComputers: Starting node disconnection
2026-01-27 15:56:37.448+0000 [id=494]	INFO	jenkins.model.Jenkins#_cleanUpShutdownPluginManager: Stopping plugin manager
2026-01-27 15:56:37.464+0000 [id=494]	INFO	jenkins.model.Jenkins#_cleanUpPersistQueue: Persisting build queue
2026-01-27 15:56:37.723+0000 [id=494]	INFO	jenkins.model.Jenkins#_cleanUpAwaitDisconnects: Waiting for node disconnection completion
2026-01-27 15:56:37.724+0000 [id=494]	INFO	hudson.lifecycle.Lifecycle#onStatusUpdate: Jenkins stopped
Running from: /home/dmin/Book-My-Show/jenkins.war
webroot: /home/dmin/.jenkins/war
2026-01-27 15:56:39.523+0000 [id=1]	INFO	winstone.Logger#logInternal: Beginning extraction from war file
2026-01-27 15:56:39.685+0000 [id=1]	WARNING	o.e.j.ee9.nested.ContextHandler#setContextPath: Empty contextPath
2026-01-27 15:56:39.842+0000 [id=1]	INFO	org.eclipse.jetty.server.Server#doStart: jetty-12.1.5; built: 2025-12-03T22:18:24.732Z; git: 4905d09d7b6801e792d7b73946cf7b66e4be25d6; jvm 17.0.17+10-Ubuntu-124.04
2026-01-27 15:56:40.962+0000 [id=1]	INFO	o.e.j.e.w.StandardDescriptorProcessor#visitServlet: NO JSP Support for /, did not find org.eclipse.jetty.ee9.jsp.JettyJspServlet
2026-01-27 15:56:41.093+0000 [id=1]	INFO	o.e.j.s.DefaultSessionIdManager#doStart: Session workerName=node0
2026-01-27 15:56:42.091+0000 [id=1]	INFO	hudson.WebAppMain#contextInitialized: Jenkins home directory: /home/dmin/.jenkins found at: $user.home/.jenkins
2026-01-27 15:56:42.414+0000 [id=1]	INFO	o.e.j.s.handler.ContextHandler#doStart: Started oeje9n.ContextHandler$CoreContextHandler@30b34287{Jenkins v2.541.1,/,b=file:///home/dmin/.jenkins/war/,a=AVAILABLE,h=oeje9n.ContextHandler$CoreContextHandler$CoreToNestedHandler@5489c777{STARTED}}
2026-01-27 15:56:42.460+0000 [id=1]	INFO	o.e.j.server.AbstractConnector#doStart: Started oejs.ServerConnector@5b3396c7{HTTP/1.1, (http/1.1)}{0.0.0.0:8081}
2026-01-27 15:56:42.461+0000 [id=1]	INFO	org.eclipse.jetty.server.Server#doStart: Started oejs.Server@1a15b789{STARTING}[12.1.5,sto=0] @2627ms
2026-01-27 15:56:42.464+0000 [id=26]	INFO	winstone.Logger#logInternal: Winstone Servlet Engine running: controlPort=disabled
2026-01-27 15:56:42.845+0000 [id=25]	INFO	jenkins.model.Jenkins#<init>: Starting version 2.541.1
2026-01-27 15:56:43.179+0000 [id=34]	INFO	jenkins.InitReactorRunner$1#onAttained: Started initialization
2026-01-27 15:56:43.645+0000 [id=46]	INFO	jenkins.InitReactorRunner$1#onAttained: Listed all plugins
2026-01-27 15:56:50.196+0000 [id=50]	INFO	jenkins.InitReactorRunner$1#onAttained: Prepared all plugins
2026-01-27 15:56:50.243+0000 [id=53]	INFO	jenkins.InitReactorRunner$1#onAttained: Started all plugins
2026-01-27 15:56:50.254+0000 [id=45]	INFO	jenkins.InitReactorRunner$1#onAttained: Augmented all extensions
2026-01-27 15:56:50.948+0000 [id=53]	INFO	h.p.b.g.GlobalTimeOutConfiguration#load: global timeout not set
2026-01-27 15:56:52.720+0000 [id=41]	INFO	jenkins.InitReactorRunner$1#onAttained: System config loaded
2026-01-27 15:56:52.721+0000 [id=41]	INFO	jenkins.InitReactorRunner$1#onAttained: System config adapted
2026-01-27 15:56:52.770+0000 [id=52]	INFO	jenkins.InitReactorRunner$1#onAttained: Loaded all jobs
2026-01-27 15:56:52.789+0000 [id=54]	INFO	jenkins.InitReactorRunner$1#onAttained: Configuration for all jobs updated
2026-01-27 15:56:52.892+0000 [id=37]	INFO	jenkins.InitReactorRunner$1#onAttained: Completed initialization
2026-01-27 15:56:52.963+0000 [id=25]	INFO	hudson.lifecycle.Lifecycle#onReady: Jenkins is fully up and running
2026-01-27 15:57:42.390+0000 [id=31]	INFO	hudson.model.UpdateCenter#doSafeRestart: Scheduling Jenkins reboot
2026-01-27 15:57:43.808+0000 [id=100]	INFO	hudson.lifecycle.Lifecycle#onStatusUpdate: Restart in 10 seconds
2026-01-27 15:57:53.809+0000 [id=100]	INFO	hudson.lifecycle.Lifecycle#onStop: Stopping Jenkins as requested by admin
2026-01-27 15:57:53.812+0000 [id=100]	INFO	hudson.lifecycle.Lifecycle#onStatusUpdate: Stopping Jenkins
2026-01-27 15:57:53.824+0000 [id=100]	INFO	jenkins.model.Jenkins$17#onAttained: Started termination
2026-01-27 15:57:53.836+0000 [id=100]	INFO	h.p.b.global.Lifecycle#shutdown: Shutdown complete - Global TimeOut ScheduledExecutorService had 0 tasks pending
2026-01-27 15:57:53.836+0000 [id=100]	INFO	jenkins.model.Jenkins$17#onAttained: Completed termination
2026-01-27 15:57:53.836+0000 [id=100]	INFO	jenkins.model.Jenkins#_cleanUpDisconnectComputers: Starting node disconnection
2026-01-27 15:57:53.840+0000 [id=100]	INFO	jenkins.model.Jenkins#_cleanUpShutdownPluginManager: Stopping plugin manager
2026-01-27 15:57:53.857+0000 [id=100]	INFO	jenkins.model.Jenkins#_cleanUpPersistQueue: Persisting build queue
2026-01-27 15:57:53.866+0000 [id=100]	INFO	jenkins.model.Jenkins#_cleanUpAwaitDisconnects: Waiting for node disconnection completion
2026-01-27 15:57:53.867+0000 [id=100]	INFO	hudson.lifecycle.Lifecycle#onStatusUpdate: Jenkins stopped
Running from: /home/dmin/Book-My-Show/jenkins.war
webroot: /home/dmin/.jenkins/war
2026-01-27 15:57:55.964+0000 [id=1]	INFO	winstone.Logger#logInternal: Beginning extraction from war file
2026-01-27 15:57:56.104+0000 [id=1]	WARNING	o.e.j.ee9.nested.ContextHandler#setContextPath: Empty contextPath
2026-01-27 15:57:56.393+0000 [id=1]	INFO	org.eclipse.jetty.server.Server#doStart: jetty-12.1.5; built: 2025-12-03T22:18:24.732Z; git: 4905d09d7b6801e792d7b73946cf7b66e4be25d6; jvm 17.0.17+10-Ubuntu-124.04
2026-01-27 15:57:57.382+0000 [id=1]	INFO	o.e.j.e.w.StandardDescriptorProcessor#visitServlet: NO JSP Support for /, did not find org.eclipse.jetty.ee9.jsp.JettyJspServlet
2026-01-27 15:57:57.475+0000 [id=1]	INFO	o.e.j.s.DefaultSessionIdManager#doStart: Session workerName=node0
2026-01-27 15:57:58.430+0000 [id=1]	INFO	hudson.WebAppMain#contextInitialized: Jenkins home directory: /home/dmin/.jenkins found at: $user.home/.jenkins
2026-01-27 15:57:58.659+0000 [id=1]	INFO	o.e.j.s.handler.ContextHandler#doStart: Started oeje9n.ContextHandler$CoreContextHandler@30b34287{Jenkins v2.541.1,/,b=file:///home/dmin/.jenkins/war/,a=AVAILABLE,h=oeje9n.ContextHandler$CoreContextHandler$CoreToNestedHandler@5489c777{STARTED}}
2026-01-27 15:57:58.701+0000 [id=1]	INFO	o.e.j.server.AbstractConnector#doStart: Started oejs.ServerConnector@797501a{HTTP/1.1, (http/1.1)}{0.0.0.0:8081}
2026-01-27 15:57:58.703+0000 [id=1]	INFO	org.eclipse.jetty.server.Server#doStart: Started oejs.Server@1a15b789{STARTING}[12.1.5,sto=0] @2320ms
2026-01-27 15:57:58.706+0000 [id=26]	INFO	winstone.Logger#logInternal: Winstone Servlet Engine running: controlPort=disabled
2026-01-27 15:57:58.983+0000 [id=25]	INFO	jenkins.model.Jenkins#<init>: Starting version 2.541.1
2026-01-27 15:57:59.257+0000 [id=34]	INFO	jenkins.InitReactorRunner$1#onAttained: Started initialization
2026-01-27 15:57:59.738+0000 [id=41]	INFO	jenkins.InitReactorRunner$1#onAttained: Listed all plugins
2026-01-27 15:58:04.312+0000 [id=42]	INFO	jenkins.InitReactorRunner$1#onAttained: Prepared all plugins
2026-01-27 15:58:04.349+0000 [id=42]	INFO	jenkins.InitReactorRunner$1#onAttained: Started all plugins
2026-01-27 15:58:04.351+0000 [id=51]	INFO	jenkins.InitReactorRunner$1#onAttained: Augmented all extensions
2026-01-27 15:58:04.759+0000 [id=32]	INFO	h.p.b.g.GlobalTimeOutConfiguration#load: global timeout not set
2026-01-27 15:58:06.350+0000 [id=53]	INFO	jenkins.InitReactorRunner$1#onAttained: System config loaded
2026-01-27 15:58:06.351+0000 [id=52]	INFO	jenkins.InitReactorRunner$1#onAttained: System config adapted
2026-01-27 15:58:06.441+0000 [id=40]	INFO	jenkins.InitReactorRunner$1#onAttained: Loaded all jobs
2026-01-27 15:58:06.464+0000 [id=47]	INFO	jenkins.InitReactorRunner$1#onAttained: Configuration for all jobs updated
2026-01-27 15:58:06.568+0000 [id=37]	INFO	jenkins.InitReactorRunner$1#onAttained: Completed initialization
2026-01-27 15:58:06.631+0000 [id=25]	INFO	hudson.lifecycle.Lifecycle#onReady: Jenkins is fully up and running
2026-01-27 16:06:47.983+0000 [id=22]	INFO	hudson.PluginManager#install: Starting installation of a batch of 1 plugins plus their dependencies
2026-01-27 16:06:47.985+0000 [id=22]	INFO	hudson.model.UpdateSite$Plugin#deploy: Adding dependent install of config-file-provider for plugin nodejs
2026-01-27 16:06:49.977+0000 [id=139]	INFO	h.model.UpdateCenter$DownloadJob#run: Starting the installation of config-file-provider on behalf of admin
2026-01-27 16:06:49.978+0000 [id=139]	INFO	h.m.UpdateCenter$UpdateCenterConfiguration#download: Downloading config-file-provider
2026-01-27 16:06:55.342+0000 [id=139]	INFO	h.model.UpdateCenter$DownloadJob#run: Installation successful: config-file-provider
2026-01-27 16:06:55.343+0000 [id=139]	INFO	h.model.UpdateCenter$DownloadJob#run: Starting the installation of nodejs on behalf of admin
2026-01-27 16:06:55.343+0000 [id=139]	INFO	h.m.UpdateCenter$UpdateCenterConfiguration#download: Downloading nodejs
2026-01-27 16:06:57.870+0000 [id=139]	INFO	h.model.UpdateCenter$DownloadJob#run: Installation successful: nodejs
2026-01-27 16:06:57.870+0000 [id=139]	INFO	h.m.UpdateCenter$CompleteBatchJob#run: Completing installing of plugin batch…
2026-01-27 16:06:57.871+0000 [id=139]	INFO	hudson.ClassicPluginStrategy#updateDependency: Updated dependency of email-ext
2026-01-27 16:07:00.101+0000 [id=139]	WARNING	h.m.DownloadService$Downloadable#updateNow: No tool installer metadata found for jenkins.plugins.nodejs.tools.MirrorNodeJSInstaller
2026-01-27 16:07:01.895+0000 [id=139]	WARNING	h.m.DownloadService$Downloadable#updateNow: No tool installer metadata found for jenkins.plugins.nodejs.tools.MirrorNodeJSInstaller
2026-01-27 16:07:04.288+0000 [id=139]	INFO	h.m.DownloadService$Downloadable#load: Obtained the updated data file for hudson.plugins.nodejs.tools.NodeJSInstaller
2026-01-27 16:07:04.306+0000 [id=158]	INFO	jenkins.InitReactorRunner$1#onAttained: Started initialization
2026-01-27 16:07:04.310+0000 [id=163]	INFO	jenkins.InitReactorRunner$1#onAttained: Listed all plugins
2026-01-27 16:07:04.314+0000 [id=167]	INFO	jenkins.InitReactorRunner$1#onAttained: Prepared all plugins
2026-01-27 16:07:04.317+0000 [id=172]	INFO	jenkins.InitReactorRunner$1#onAttained: Started all plugins
2026-01-27 16:07:04.321+0000 [id=177]	INFO	jenkins.InitReactorRunner$1#onAttained: Augmented all extensions
2026-01-27 16:07:04.325+0000 [id=179]	INFO	jenkins.InitReactorRunner$1#onAttained: System config loaded
2026-01-27 16:07:04.326+0000 [id=162]	INFO	jenkins.InitReactorRunner$1#onAttained: System config adapted
2026-01-27 16:07:04.327+0000 [id=162]	INFO	jenkins.InitReactorRunner$1#onAttained: Loaded all jobs
2026-01-27 16:07:04.328+0000 [id=170]	INFO	jenkins.InitReactorRunner$1#onAttained: Configuration for all jobs updated
2026-01-27 16:07:04.329+0000 [id=177]	INFO	jenkins.InitReactorRunner$1#onAttained: Completed initialization
2026-01-27 16:07:04.331+0000 [id=139]	INFO	h.m.UpdateCenter$CompleteBatchJob#run: Completed installation of 2 plugins in 16 sec
2026-01-27 16:12:32.553+0000 [id=229]	WARNING	o.j.p.w.f.FlowExecutionList$DefaultStorage#unregister: bookmyshow-pipeline#1 was not in the list to begin with: []
